<testsuites id="" name="" tests="1" failures="0" skipped="0" errors="0" time="4.571332">
<testsuite name="signout.spec.ts" timestamp="2025-08-08T11:32:23.932Z" hostname="chromium" tests="1" failures="0" skipped="0" time="3.86" errors="0">
<testcase name="User can sign in and then sign out (UI-driven)" classname="signout.spec.ts" time="3.86">
</testcase>
</testsuite>
</testsuites>