<testsuites id="" name="" tests="6" failures="6" skipped="0" errors="0" time="1.53271">
<testsuite name="critical-tests.spec.ts" timestamp="2025-08-05T10:39:10.944Z" hostname="chromium" tests="6" failures="6" skipped="0" time="0.047" errors="0">
<testcase name="register multiple users" classname="critical-tests.spec.ts" time="0.009">
<failure message="critical-tests.spec.ts:65:5 register multiple users" type="FAILURE">
<![CDATA[  [chromium] › critical-tests.spec.ts:65:5 › register multiple users ───────────────────────────────

    Error: Error reading storage state from state.json:
    ENOENT: no such file or directory, open 'state.json'
]]>
</failure>
</testcase>
<testcase name="Session persists after navigating to protected route" classname="critical-tests.spec.ts" time="0.008">
<failure message="critical-tests.spec.ts:83:5 Session persists after navigating to protected route" type="FAILURE">
<![CDATA[  [chromium] › critical-tests.spec.ts:83:5 › Session persists after navigating to protected route ──

    Error: Error reading storage state from state.json:
    ENOENT: no such file or directory, open 'state.json'
]]>
</failure>
</testcase>
<testcase name="Session persists after page reload" classname="critical-tests.spec.ts" time="0.009">
<failure message="critical-tests.spec.ts:97:9 Session persists after page reload" type="FAILURE">
<![CDATA[  [chromium] › critical-tests.spec.ts:97:9 › Session persists after page reload ────────────────────

    Error: Error reading storage state from state.json:
    ENOENT: no such file or directory, open 'state.json'
]]>
</failure>
</testcase>
<testcase name="Session cookie is set after login" classname="critical-tests.spec.ts" time="0.015">
<failure message="critical-tests.spec.ts:113:5 Session cookie is set after login" type="FAILURE">
<![CDATA[  [chromium] › critical-tests.spec.ts:113:5 › Session cookie is set after login ────────────────────

    Error: Error reading storage state from state.json:
    ENOENT: no such file or directory, open 'state.json'
]]>
</failure>
</testcase>
<testcase name="Session persists across internal navigation" classname="critical-tests.spec.ts" time="0.003">
<failure message="critical-tests.spec.ts:127:5 Session persists across internal navigation" type="FAILURE">
<![CDATA[  [chromium] › critical-tests.spec.ts:127:5 › Session persists across internal navigation ──────────

    Error: Error reading storage state from state.json:
    ENOENT: no such file or directory, open 'state.json'
]]>
</failure>
</testcase>
<testcase name="Session persists from saved state (reopen simulation)" classname="critical-tests.spec.ts" time="0.003">
<failure message="critical-tests.spec.ts:144:5 Session persists from saved state (reopen simulation)" type="FAILURE">
<![CDATA[  [chromium] › critical-tests.spec.ts:144:5 › Session persists from saved state (reopen simulation) 

    Error: Error reading storage state from state.json:
    ENOENT: no such file or directory, open 'state.json'
]]>
</failure>
</testcase>
</testsuite>
</testsuites>