<testsuites id="" name="" tests="1" failures="0" skipped="0" errors="0" time="1.465969">
<testsuite name="api/auth.spec.ts" timestamp="2025-08-18T09:35:09.096Z" hostname="chromium" tests="1" failures="0" skipped="0" time="0.688" errors="0">
<testcase name="Auth API contract â€º register + login flow" classname="api/auth.spec.ts" time="0.688">
</testcase>
</testsuite>
</testsuites>