<testsuites id="" name="" tests="1" failures="1" skipped="0" errors="0" time="11.527642999999996">
<testsuite name="e2e/registration.spec.ts" timestamp="2025-07-30T09:12:23.487Z" hostname="chromium" tests="1" failures="1" skipped="0" time="10.634" errors="0">
<testcase name="User Registration › should register with minimum required fields" classname="e2e/registration.spec.ts" time="10.634">
<failure message="registration.spec.ts:45:7 should register with minimum required fields" type="FAILURE">
<![CDATA[  [chromium] › e2e/registration.spec.ts:45:7 › User Registration › should register with minimum required fields 

    TimeoutError: page.fill: Timeout 10000ms exceeded.
    Call log:
      - waiting for locator('[data-testid="email"]')


      52 |
      53 |     // Fill only required fields
    > 54 |     await page.fill('[data-testid="email"]', minimalUser.email);
         |                ^
      55 |     await page.fill('[data-testid="password"]', minimalUser.password);
      56 |     await page.fill('[data-testid="confirm-password"]', minimalUser.confirmPassword);
      57 |     await page.check('[data-testid="terms-checkbox"]');
        at /Users/sina/Desktop/wollie_software/MVP/tests/e2e/registration.spec.ts:54:16

    attachment #1: screenshot (image/png) ──────────────────────────────────────────────────────────
    ../test-results/e2e-registration-User-Regi-bd1ab-ith-minimum-required-fields-chromium/test-failed-1.png
    ────────────────────────────────────────────────────────────────────────────────────────────────

    attachment #2: video (video/webm) ──────────────────────────────────────────────────────────────
    ../test-results/e2e-registration-User-Regi-bd1ab-ith-minimum-required-fields-chromium/video.webm
    ────────────────────────────────────────────────────────────────────────────────────────────────

    Error Context: ../test-results/e2e-registration-User-Regi-bd1ab-ith-minimum-required-fields-chromium/error-context.md

    attachment #4: trace (application/zip) ─────────────────────────────────────────────────────────
    ../test-results/e2e-registration-User-Regi-bd1ab-ith-minimum-required-fields-chromium/trace.zip
    Usage:

        npx playwright show-trace ../test-results/e2e-registration-User-Regi-bd1ab-ith-minimum-required-fields-chromium/trace.zip

    ────────────────────────────────────────────────────────────────────────────────────────────────
]]>
</failure>
<system-out>
<![CDATA[
[[ATTACHMENT|test-results/e2e-registration-User-Regi-bd1ab-ith-minimum-required-fields-chromium/test-failed-1.png]]

[[ATTACHMENT|test-results/e2e-registration-User-Regi-bd1ab-ith-minimum-required-fields-chromium/video.webm]]

[[ATTACHMENT|test-results/e2e-registration-User-Regi-bd1ab-ith-minimum-required-fields-chromium/error-context.md]]

[[ATTACHMENT|test-results/e2e-registration-User-Regi-bd1ab-ith-minimum-required-fields-chromium/trace.zip]]
]]>
</system-out>
</testcase>
</testsuite>
</testsuites>