<testsuites id="" name="" tests="3" failures="3" skipped="0" errors="0" time="17.948574">
<testsuite name="signout.spec.ts" timestamp="2025-08-08T10:35:55.503Z" hostname="chromium" tests="3" failures="3" skipped="0" time="44.792" errors="0">
<testcase name="User can sign in and then sign out" classname="signout.spec.ts" time="17.097">
<failure message="signout.spec.ts:5:5 User can sign in and then sign out" type="FAILURE">
<![CDATA[  [chromium] › signout.spec.ts:5:5 › User can sign in and then sign out ────────────────────────────

    TimeoutError: page.waitForURL: Timeout 15000ms exceeded.
    =========================== logs ===========================
    waiting for navigation to "**/dashboard" until "load"
      navigated to "https://meal4v.vercel.app/login"
      navigated to "https://meal4v.vercel.app/login"
    ============================================================

      10 |   await page.click('[data-testid="login-button"]');
      11 |
    > 12 |   await page.waitForURL('**/dashboard');
         |              ^
      13 |   await expect(page.locator('[data-testid="user-greeting"]')).toBeVisible();
      14 |
      15 |   await page.click('[data-testid="logout-button"]');
        at /Users/sina/Desktop/wollie_software/MVP/tests/signout.spec.ts:12:14

    attachment #1: screenshot (image/png) ──────────────────────────────────────────────────────────
    ../test-results/signout-User-can-sign-in-and-then-sign-out-chromium/test-failed-1.png
    ────────────────────────────────────────────────────────────────────────────────────────────────

    attachment #2: video (video/webm) ──────────────────────────────────────────────────────────────
    ../test-results/signout-User-can-sign-in-and-then-sign-out-chromium/video.webm
    ────────────────────────────────────────────────────────────────────────────────────────────────

    Error Context: ../test-results/signout-User-can-sign-in-and-then-sign-out-chromium/error-context.md
]]>
</failure>
<system-out>
<![CDATA[
[[ATTACHMENT|test-results/signout-User-can-sign-in-and-then-sign-out-chromium/test-failed-1.png]]

[[ATTACHMENT|test-results/signout-User-can-sign-in-and-then-sign-out-chromium/video.webm]]

[[ATTACHMENT|test-results/signout-User-can-sign-in-and-then-sign-out-chromium/error-context.md]]
]]>
</system-out>
</testcase>
<testcase name="Session does not persist after sign out and reload" classname="signout.spec.ts" time="17.095">
<failure message="signout.spec.ts:19:5 Session does not persist after sign out and reload" type="FAILURE">
<![CDATA[  [chromium] › signout.spec.ts:19:5 › Session does not persist after sign out and reload ───────────

    TimeoutError: page.waitForURL: Timeout 15000ms exceeded.
    =========================== logs ===========================
    waiting for navigation to "**/dashboard" until "load"
      navigated to "https://meal4v.vercel.app/login"
      navigated to "https://meal4v.vercel.app/login"
    ============================================================

      24 |     await page.click('[data-testid="login-button"]');
      25 |   
    > 26 |     await page.waitForURL('**/dashboard');
         |                ^
      27 |     await expect(page.locator('[data-testid="logout-button"]')).toBeVisible();
      28 |   
      29 |     await page.click('[data-testid="logout-button"]');
        at /Users/sina/Desktop/wollie_software/MVP/tests/signout.spec.ts:26:16

    attachment #1: screenshot (image/png) ──────────────────────────────────────────────────────────
    ../test-results/signout-Session-does-not-persist-after-sign-out-and-reload-chromium/test-failed-1.png
    ────────────────────────────────────────────────────────────────────────────────────────────────

    attachment #2: video (video/webm) ──────────────────────────────────────────────────────────────
    ../test-results/signout-Session-does-not-persist-after-sign-out-and-reload-chromium/video.webm
    ────────────────────────────────────────────────────────────────────────────────────────────────

    Error Context: ../test-results/signout-Session-does-not-persist-after-sign-out-and-reload-chromium/error-context.md
]]>
</failure>
<system-out>
<![CDATA[
[[ATTACHMENT|test-results/signout-Session-does-not-persist-after-sign-out-and-reload-chromium/test-failed-1.png]]

[[ATTACHMENT|test-results/signout-Session-does-not-persist-after-sign-out-and-reload-chromium/video.webm]]

[[ATTACHMENT|test-results/signout-Session-does-not-persist-after-sign-out-and-reload-chromium/error-context.md]]
]]>
</system-out>
</testcase>
<testcase name="Access to dashboard after logout is blocked" classname="signout.spec.ts" time="10.6">
<failure message="signout.spec.ts:39:7 Access to dashboard after logout is blocked" type="FAILURE">
<![CDATA[  [chromium] › signout.spec.ts:39:7 › Access to dashboard after logout is blocked ──────────────────

    TimeoutError: page.click: Timeout 10000ms exceeded.
    Call log:
      - waiting for locator('[data-testid="logout-button"]')


      39 |   test('Access to dashboard after logout is blocked', async ({ page }) => {
      40 |       // tests/signout.spec.ts (fragment)
    > 41 |   await page.click('[data-testid="logout-button"]');
         |              ^
      42 |   await page.waitForURL('**/login', { timeout: 10000 });
      43 |
      44 |   await page.goto('https://meal4v.vercel.app/dashboard');
        at /Users/sina/Desktop/wollie_software/MVP/tests/signout.spec.ts:41:14

    attachment #1: screenshot (image/png) ──────────────────────────────────────────────────────────
    ../test-results/signout-Access-to-dashboard-after-logout-is-blocked-chromium/test-failed-1.png
    ────────────────────────────────────────────────────────────────────────────────────────────────

    attachment #2: video (video/webm) ──────────────────────────────────────────────────────────────
    ../test-results/signout-Access-to-dashboard-after-logout-is-blocked-chromium/video.webm
    ────────────────────────────────────────────────────────────────────────────────────────────────
]]>
</failure>
<system-out>
<![CDATA[
[[ATTACHMENT|test-results/signout-Access-to-dashboard-after-logout-is-blocked-chromium/test-failed-1.png]]

[[ATTACHMENT|test-results/signout-Access-to-dashboard-after-logout-is-blocked-chromium/video.webm]]
]]>
</system-out>
</testcase>
</testsuite>
</testsuites>